<?xml version="1.0" encoding="UTF-8"?>
<!-- Generated by org.testng.reporters.JUnitXMLReporter -->
<testsuite ignored="0" hostname="Himaz-WL" failures="0" tests="8" name="Default test" time="63.163" errors="0" timestamp="2024-11-27T18:08:47 IST">
  <testcase classname="com.qa.regression.HimazTestPageRegTwo" name="verifyLogin" time="6.464"/>
  <testcase classname="com.qa.regression.PracticeTestNGRegTwo" name="printName1" time="0.001"/>
  <testcase classname="com.qa.regression.PracticeTestNGRegTwo" name="printName3" time="0.0"/>
  <testcase classname="com.qa.regression.PracticeTestNGRegTwo" name="printName2" time="0.001"/>
  <testcase classname="com.qa.regression.PracticeTestNGRegOne" name="printName1" time="0.001"/>
  <testcase classname="com.qa.regression.PracticeTestNGRegOne" name="printName3" time="0.0"/>
  <testcase classname="com.qa.regression.PracticeTestNGRegOne" name="printName2" time="0.001"/>
  <testcase classname="com.qa.regression.HimazTestPageRegOne" name="verifyLogin" time="6.34"/>
</testsuite> <!-- Default test -->
