<?xml version="1.0" encoding="UTF-8"?>
<!-- Generated by org.testng.reporters.JUnitXMLReporter -->
<testsuite ignored="0" hostname="Himaz-WL" failures="0" tests="6" name="Smoke Test" time="0.053" errors="0" timestamp="2024-11-27T21:14:49 IST">
  <testcase classname="com.qa.smoke.PracticeTestNGSmokeOne" name="printName1" time="0.004"/>
  <testcase classname="com.qa.smoke.PracticeTestNGSmokeOne" name="printName3" time="0.001"/>
  <testcase classname="com.qa.smoke.PracticeTestNGSmokeOne" name="printName2" time="0.001"/>
  <testcase classname="com.qa.smoke.PracticeTestNGSmokeTwo" name="printName1" time="0.001"/>
  <testcase classname="com.qa.smoke.PracticeTestNGSmokeTwo" name="printName3" time="0.001"/>
  <testcase classname="com.qa.smoke.PracticeTestNGSmokeTwo" name="printName2" time="0.0"/>
</testsuite> <!-- Smoke Test -->
