<?xml version="1.0" encoding="UTF-8"?>
<!-- Generated by org.testng.reporters.JUnitXMLReporter -->
<testsuite ignored="0" hostname="Himaz-WL" failures="0" tests="3" name="Test in chrome" time="0.051" errors="0" timestamp="2024-11-27T17:53:56 IST">
  <testcase classname="com.qa.testcases.PracticeTestNG" name="printName1" time="0.006"/>
  <testcase classname="com.qa.testcases.PracticeTestNG" name="printName3" time="0.001"/>
  <testcase classname="com.qa.testcases.PracticeTestNG" name="printName2" time="0.001"/>
</testsuite> <!-- Test in chrome -->
