<?xml version="1.0" encoding="UTF-8"?>
<!-- Generated by org.testng.reporters.JUnitXMLReporter -->
<testsuite ignored="0" hostname="Himaz-WL" failures="0" tests="1" name="Test in IE" time="0.596" errors="0" timestamp="05 Nov 2024 16:53:22 GMT">
  <testcase classname="com.qa.testcases.ParallelExec" name="@BeforeMethod launch" time="0.0">
    <failure type="java.lang.IllegalStateException" message="The driver executable does not exist: C:\Users\it17145930\aaaWorkspace\browserDrivers\IEDriver\IEDriverServer_x64_3.14.0\IEDriverServer.exe">
      <![CDATA[java.lang.IllegalStateException: The driver executable does not exist: C:\Users\it17145930\aaaWorkspace\browserDrivers\IEDriver\IEDriverServer_x64_3.14.0\IEDriverServer.exe
	at com.google.common.base.Preconditions.checkState(Preconditions.java:518)
	at org.openqa.selenium.remote.service.DriverService.checkExecutable(DriverService.java:136)
	at org.openqa.selenium.remote.service.DriverService.findExecutable(DriverService.java:131)
	at org.openqa.selenium.ie.InternetExplorerDriverService.access$000(InternetExplorerDriverService.java:32)
	at org.openqa.selenium.ie.InternetExplorerDriverService$Builder.findDefaultExecutable(InternetExplorerDriverService.java:167)
	at org.openqa.selenium.remote.service.DriverService$Builder.build(DriverService.java:330)
	at org.openqa.selenium.ie.InternetExplorerDriver.setupService(InternetExplorerDriver.java:288)
	at org.openqa.selenium.ie.InternetExplorerDriver.<init>(InternetExplorerDriver.java:210)
	at org.openqa.selenium.ie.InternetExplorerDriver.<init>(InternetExplorerDriver.java:158)
	at com.qa.testcases.ParallelExec.launch(ParallelExec.java:40)
	at java.base/java.util.concurrent.FutureTask.run(FutureTask.java:264)
	at java.base/java.util.concurrent.ThreadPoolExecutor.runWorker(ThreadPoolExecutor.java:1136)
	at java.base/java.util.concurrent.ThreadPoolExecutor$Worker.run(ThreadPoolExecutor.java:635)
	at java.base/java.lang.Thread.run(Thread.java:840)
... Removed 18 stack frames]]>
    </failure>
  </testcase> <!-- @BeforeMethod launch -->
  <testcase classname="com.qa.testcases.ParallelExec" name="@AfterMethod cleanUp" time="0.0">
    <skipped/>
  </testcase> <!-- @AfterMethod cleanUp -->
  <testcase classname="com.qa.testcases.HimazTestPage" name="verifyLogin" time="0.007">
    <skipped/>
  </testcase> <!-- verifyLogin -->
</testsuite> <!-- Test in IE -->
