<?xml version="1.0" encoding="UTF-8"?>
<!-- Generated by org.testng.reporters.JUnitXMLReporter -->
<testsuite hostname="Himaz-WL" ignored="0" name="Smoke Test" tests="6" failures="0" timestamp="2024-11-27T21:27:54 IST" time="0.039" errors="0">
  <testcase name="printName1" time="0.001" classname="com.qa.smoke.PracticeTestNGSmokeOne"/>
  <testcase name="printName3" time="0.0" classname="com.qa.smoke.PracticeTestNGSmokeOne"/>
  <testcase name="printName2" time="0.0" classname="com.qa.smoke.PracticeTestNGSmokeOne"/>
  <testcase name="printName1" time="0.0" classname="com.qa.smoke.PracticeTestNGSmokeTwo"/>
  <testcase name="printName3" time="0.0" classname="com.qa.smoke.PracticeTestNGSmokeTwo"/>
  <testcase name="printName2" time="0.0" classname="com.qa.smoke.PracticeTestNGSmokeTwo"/>
</testsuite> <!-- Smoke Test -->
