<?xml version="1.0" encoding="UTF-8"?>
<testng-results skipped="0" failed="0" ignored="0" total="6" passed="6">
  <reporter-output>
  </reporter-output>
  <suite name="Suite" duration-ms="39" started-at="2024-11-27T21:27:54 IST" finished-at="2024-11-27T21:27:54 IST">
    <groups>
    </groups>
    <test name="Smoke Test" duration-ms="39" started-at="2024-11-27T21:27:54 IST" finished-at="2024-11-27T21:27:54 IST">
      <class name="com.qa.smoke.PracticeTestNGSmokeOne">
        <test-method status="PASS" signature="set()[pri:0, instance:com.qa.smoke.PracticeTestNGSmokeOne@fe18270]" name="set" is-config="true" duration-ms="3" started-at="2024-11-27T21:27:54 IST" finished-at="2024-11-27T21:27:54 IST">
          <reporter-output>
          </reporter-output>
        </test-method> <!-- set -->
        <test-method status="PASS" signature="printName1()[pri:0, instance:com.qa.smoke.PracticeTestNGSmokeOne@fe18270]" name="printName1" duration-ms="1" started-at="2024-11-27T21:27:54 IST" finished-at="2024-11-27T21:27:54 IST">
          <reporter-output>
          </reporter-output>
        </test-method> <!-- printName1 -->
        <test-method status="PASS" signature="end()[pri:0, instance:com.qa.smoke.PracticeTestNGSmokeOne@fe18270]" name="end" is-config="true" duration-ms="0" started-at="2024-11-27T21:27:54 IST" finished-at="2024-11-27T21:27:54 IST">
          <reporter-output>
          </reporter-output>
        </test-method> <!-- end -->
        <test-method status="PASS" signature="set()[pri:0, instance:com.qa.smoke.PracticeTestNGSmokeOne@fe18270]" name="set" is-config="true" duration-ms="0" started-at="2024-11-27T21:27:54 IST" finished-at="2024-11-27T21:27:54 IST">
          <reporter-output>
          </reporter-output>
        </test-method> <!-- set -->
        <test-method status="PASS" signature="printName3()[pri:0, instance:com.qa.smoke.PracticeTestNGSmokeOne@fe18270]" name="printName3" duration-ms="0" started-at="2024-11-27T21:27:54 IST" finished-at="2024-11-27T21:27:54 IST">
          <reporter-output>
          </reporter-output>
        </test-method> <!-- printName3 -->
        <test-method status="PASS" signature="end()[pri:0, instance:com.qa.smoke.PracticeTestNGSmokeOne@fe18270]" name="end" is-config="true" duration-ms="1" started-at="2024-11-27T21:27:54 IST" finished-at="2024-11-27T21:27:54 IST">
          <reporter-output>
          </reporter-output>
        </test-method> <!-- end -->
        <test-method status="PASS" signature="set()[pri:0, instance:com.qa.smoke.PracticeTestNGSmokeOne@fe18270]" name="set" is-config="true" duration-ms="0" started-at="2024-11-27T21:27:54 IST" finished-at="2024-11-27T21:27:54 IST">
          <reporter-output>
          </reporter-output>
        </test-method> <!-- set -->
        <test-method status="PASS" signature="end()[pri:0, instance:com.qa.smoke.PracticeTestNGSmokeOne@fe18270]" name="end" is-config="true" duration-ms="0" started-at="2024-11-27T21:27:54 IST" finished-at="2024-11-27T21:27:54 IST">
          <reporter-output>
          </reporter-output>
        </test-method> <!-- end -->
        <test-method status="PASS" signature="printName2()[pri:1, instance:com.qa.smoke.PracticeTestNGSmokeOne@fe18270]" name="printName2" duration-ms="0" started-at="2024-11-27T21:27:54 IST" finished-at="2024-11-27T21:27:54 IST">
          <reporter-output>
          </reporter-output>
        </test-method> <!-- printName2 -->
      </class> <!-- com.qa.smoke.PracticeTestNGSmokeOne -->
      <class name="com.qa.smoke.PracticeTestNGSmokeTwo">
        <test-method status="PASS" signature="set()[pri:0, instance:com.qa.smoke.PracticeTestNGSmokeTwo@27fe3806]" name="set" is-config="true" duration-ms="0" started-at="2024-11-27T21:27:54 IST" finished-at="2024-11-27T21:27:54 IST">
          <reporter-output>
          </reporter-output>
        </test-method> <!-- set -->
        <test-method status="PASS" signature="printName1()[pri:0, instance:com.qa.smoke.PracticeTestNGSmokeTwo@27fe3806]" name="printName1" duration-ms="0" started-at="2024-11-27T21:27:54 IST" finished-at="2024-11-27T21:27:54 IST">
          <reporter-output>
          </reporter-output>
        </test-method> <!-- printName1 -->
        <test-method status="PASS" signature="set()[pri:0, instance:com.qa.smoke.PracticeTestNGSmokeTwo@27fe3806]" name="set" is-config="true" duration-ms="0" started-at="2024-11-27T21:27:54 IST" finished-at="2024-11-27T21:27:54 IST">
          <reporter-output>
          </reporter-output>
        </test-method> <!-- set -->
        <test-method status="PASS" signature="printName3()[pri:0, instance:com.qa.smoke.PracticeTestNGSmokeTwo@27fe3806]" name="printName3" duration-ms="0" started-at="2024-11-27T21:27:54 IST" finished-at="2024-11-27T21:27:54 IST">
          <reporter-output>
          </reporter-output>
        </test-method> <!-- printName3 -->
        <test-method status="PASS" signature="end()[pri:0, instance:com.qa.smoke.PracticeTestNGSmokeTwo@27fe3806]" name="end" is-config="true" duration-ms="1" started-at="2024-11-27T21:27:54 IST" finished-at="2024-11-27T21:27:54 IST">
          <reporter-output>
          </reporter-output>
        </test-method> <!-- end -->
        <test-method status="PASS" signature="end()[pri:0, instance:com.qa.smoke.PracticeTestNGSmokeTwo@27fe3806]" name="end" is-config="true" duration-ms="0" started-at="2024-11-27T21:27:54 IST" finished-at="2024-11-27T21:27:54 IST">
          <reporter-output>
          </reporter-output>
        </test-method> <!-- end -->
        <test-method status="PASS" signature="printName2()[pri:1, instance:com.qa.smoke.PracticeTestNGSmokeTwo@27fe3806]" name="printName2" duration-ms="0" started-at="2024-11-27T21:27:54 IST" finished-at="2024-11-27T21:27:54 IST">
          <reporter-output>
          </reporter-output>
        </test-method> <!-- printName2 -->
        <test-method status="PASS" signature="end()[pri:0, instance:com.qa.smoke.PracticeTestNGSmokeTwo@27fe3806]" name="end" is-config="true" duration-ms="1" started-at="2024-11-27T21:27:54 IST" finished-at="2024-11-27T21:27:54 IST">
          <reporter-output>
          </reporter-output>
        </test-method> <!-- end -->
        <test-method status="PASS" signature="set()[pri:0, instance:com.qa.smoke.PracticeTestNGSmokeTwo@27fe3806]" name="set" is-config="true" duration-ms="0" started-at="2024-11-27T21:27:54 IST" finished-at="2024-11-27T21:27:54 IST">
          <reporter-output>
          </reporter-output>
        </test-method> <!-- set -->
      </class> <!-- com.qa.smoke.PracticeTestNGSmokeTwo -->
    </test> <!-- Smoke Test -->
  </suite> <!-- Suite -->
</testng-results>
