<?xml version="1.0" encoding="UTF-8"?>
<testng-results ignored="0" total="6" passed="6" failed="0" skipped="0">
  <reporter-output>
  </reporter-output>
  <suite started-at="2024-11-27T21:14:48 IST" name="Suite" finished-at="2024-11-27T21:14:49 IST" duration-ms="53">
    <groups>
    </groups>
    <test started-at="2024-11-27T21:14:48 IST" name="Smoke Test" finished-at="2024-11-27T21:14:49 IST" duration-ms="53">
      <class name="com.qa.smoke.PracticeTestNGSmokeOne">
        <test-method is-config="true" signature="set()[pri:0, instance:com.qa.smoke.PracticeTestNGSmokeOne@23e84203]" started-at="2024-11-27T21:14:48 IST" name="set" finished-at="2024-11-27T21:14:48 IST" duration-ms="4" status="PASS">
          <reporter-output>
          </reporter-output>
        </test-method> <!-- set -->
        <test-method signature="printName1()[pri:0, instance:com.qa.smoke.PracticeTestNGSmokeOne@23e84203]" started-at="2024-11-27T21:14:48 IST" name="printName1" finished-at="2024-11-27T21:14:49 IST" duration-ms="4" status="PASS">
          <reporter-output>
          </reporter-output>
        </test-method> <!-- printName1 -->
        <test-method is-config="true" signature="end()[pri:0, instance:com.qa.smoke.PracticeTestNGSmokeOne@23e84203]" started-at="2024-11-27T21:14:49 IST" name="end" finished-at="2024-11-27T21:14:49 IST" duration-ms="0" status="PASS">
          <reporter-output>
          </reporter-output>
        </test-method> <!-- end -->
        <test-method is-config="true" signature="set()[pri:0, instance:com.qa.smoke.PracticeTestNGSmokeOne@23e84203]" started-at="2024-11-27T21:14:49 IST" name="set" finished-at="2024-11-27T21:14:49 IST" duration-ms="0" status="PASS">
          <reporter-output>
          </reporter-output>
        </test-method> <!-- set -->
        <test-method signature="printName3()[pri:0, instance:com.qa.smoke.PracticeTestNGSmokeOne@23e84203]" started-at="2024-11-27T21:14:49 IST" name="printName3" finished-at="2024-11-27T21:14:49 IST" duration-ms="1" status="PASS">
          <reporter-output>
          </reporter-output>
        </test-method> <!-- printName3 -->
        <test-method is-config="true" signature="end()[pri:0, instance:com.qa.smoke.PracticeTestNGSmokeOne@23e84203]" started-at="2024-11-27T21:14:49 IST" name="end" finished-at="2024-11-27T21:14:49 IST" duration-ms="0" status="PASS">
          <reporter-output>
          </reporter-output>
        </test-method> <!-- end -->
        <test-method is-config="true" signature="set()[pri:0, instance:com.qa.smoke.PracticeTestNGSmokeOne@23e84203]" started-at="2024-11-27T21:14:49 IST" name="set" finished-at="2024-11-27T21:14:49 IST" duration-ms="0" status="PASS">
          <reporter-output>
          </reporter-output>
        </test-method> <!-- set -->
        <test-method signature="printName2()[pri:1, instance:com.qa.smoke.PracticeTestNGSmokeOne@23e84203]" started-at="2024-11-27T21:14:49 IST" name="printName2" finished-at="2024-11-27T21:14:49 IST" duration-ms="1" status="PASS">
          <reporter-output>
          </reporter-output>
        </test-method> <!-- printName2 -->
        <test-method is-config="true" signature="end()[pri:0, instance:com.qa.smoke.PracticeTestNGSmokeOne@23e84203]" started-at="2024-11-27T21:14:49 IST" name="end" finished-at="2024-11-27T21:14:49 IST" duration-ms="0" status="PASS">
          <reporter-output>
          </reporter-output>
        </test-method> <!-- end -->
      </class> <!-- com.qa.smoke.PracticeTestNGSmokeOne -->
      <class name="com.qa.smoke.PracticeTestNGSmokeTwo">
        <test-method signature="printName1()[pri:0, instance:com.qa.smoke.PracticeTestNGSmokeTwo@5f8e8a9d]" started-at="2024-11-27T21:14:49 IST" name="printName1" finished-at="2024-11-27T21:14:49 IST" duration-ms="1" status="PASS">
          <reporter-output>
          </reporter-output>
        </test-method> <!-- printName1 -->
        <test-method is-config="true" signature="set()[pri:0, instance:com.qa.smoke.PracticeTestNGSmokeTwo@5f8e8a9d]" started-at="2024-11-27T21:14:49 IST" name="set" finished-at="2024-11-27T21:14:49 IST" duration-ms="0" status="PASS">
          <reporter-output>
          </reporter-output>
        </test-method> <!-- set -->
        <test-method is-config="true" signature="end()[pri:0, instance:com.qa.smoke.PracticeTestNGSmokeTwo@5f8e8a9d]" started-at="2024-11-27T21:14:49 IST" name="end" finished-at="2024-11-27T21:14:49 IST" duration-ms="1" status="PASS">
          <reporter-output>
          </reporter-output>
        </test-method> <!-- end -->
        <test-method signature="printName3()[pri:0, instance:com.qa.smoke.PracticeTestNGSmokeTwo@5f8e8a9d]" started-at="2024-11-27T21:14:49 IST" name="printName3" finished-at="2024-11-27T21:14:49 IST" duration-ms="1" status="PASS">
          <reporter-output>
          </reporter-output>
        </test-method> <!-- printName3 -->
        <test-method is-config="true" signature="set()[pri:0, instance:com.qa.smoke.PracticeTestNGSmokeTwo@5f8e8a9d]" started-at="2024-11-27T21:14:49 IST" name="set" finished-at="2024-11-27T21:14:49 IST" duration-ms="0" status="PASS">
          <reporter-output>
          </reporter-output>
        </test-method> <!-- set -->
        <test-method is-config="true" signature="end()[pri:0, instance:com.qa.smoke.PracticeTestNGSmokeTwo@5f8e8a9d]" started-at="2024-11-27T21:14:49 IST" name="end" finished-at="2024-11-27T21:14:49 IST" duration-ms="0" status="PASS">
          <reporter-output>
          </reporter-output>
        </test-method> <!-- end -->
        <test-method signature="printName2()[pri:1, instance:com.qa.smoke.PracticeTestNGSmokeTwo@5f8e8a9d]" started-at="2024-11-27T21:14:49 IST" name="printName2" finished-at="2024-11-27T21:14:49 IST" duration-ms="0" status="PASS">
          <reporter-output>
          </reporter-output>
        </test-method> <!-- printName2 -->
        <test-method is-config="true" signature="set()[pri:0, instance:com.qa.smoke.PracticeTestNGSmokeTwo@5f8e8a9d]" started-at="2024-11-27T21:14:49 IST" name="set" finished-at="2024-11-27T21:14:49 IST" duration-ms="0" status="PASS">
          <reporter-output>
          </reporter-output>
        </test-method> <!-- set -->
        <test-method is-config="true" signature="end()[pri:0, instance:com.qa.smoke.PracticeTestNGSmokeTwo@5f8e8a9d]" started-at="2024-11-27T21:14:49 IST" name="end" finished-at="2024-11-27T21:14:49 IST" duration-ms="0" status="PASS">
          <reporter-output>
          </reporter-output>
        </test-method> <!-- end -->
      </class> <!-- com.qa.smoke.PracticeTestNGSmokeTwo -->
    </test> <!-- Smoke Test -->
  </suite> <!-- Suite -->
</testng-results>
