<?xml version="1.0" encoding="UTF-8"?>
<testng-results ignored="0" total="2" passed="2" failed="0" skipped="0">
  <reporter-output>
  </reporter-output>
  <suite started-at="2024-12-02T13:53:04 IST" name="Default suite" finished-at="2024-12-02T13:53:07 IST" duration-ms="2825">
    <groups>
    </groups>
    <test started-at="2024-12-02T13:53:04 IST" name="Default test" finished-at="2024-12-02T13:53:07 IST" duration-ms="2825">
      <class name="com.restapi.testcases.TC003CreateUser">
        <test-method is-config="true" signature="setup()[pri:0, instance:com.restapi.testcases.TC003CreateUser@55cb6996]" started-at="2024-12-02T13:53:04 IST" name="setup" finished-at="2024-12-02T13:53:05 IST" duration-ms="669" status="PASS">
          <reporter-output>
          </reporter-output>
        </test-method> <!-- setup -->
        <test-method is-config="true" signature="createUser()[pri:0, instance:com.restapi.testcases.TC003CreateUser@55cb6996]" started-at="2024-12-02T13:53:05 IST" name="createUser" finished-at="2024-12-02T13:53:07 IST" duration-ms="1605" status="PASS">
          <reporter-output>
          </reporter-output>
        </test-method> <!-- createUser -->
        <test-method signature="verifyResponseBody()[pri:0, instance:com.restapi.testcases.TC003CreateUser@55cb6996]" started-at="2024-12-02T13:53:07 IST" name="verifyResponseBody" finished-at="2024-12-02T13:53:07 IST" duration-ms="520" status="PASS">
          <reporter-output>
          </reporter-output>
        </test-method> <!-- verifyResponseBody -->
        <test-method signature="verifyStatusCode()[pri:0, instance:com.restapi.testcases.TC003CreateUser@55cb6996]" started-at="2024-12-02T13:53:07 IST" name="verifyStatusCode" finished-at="2024-12-02T13:53:07 IST" duration-ms="1" status="PASS">
          <reporter-output>
          </reporter-output>
        </test-method> <!-- verifyStatusCode -->
      </class> <!-- com.restapi.testcases.TC003CreateUser -->
    </test> <!-- Default test -->
  </suite> <!-- Default suite -->
</testng-results>
